The system is: Linux - 3.0.101-0.47.71-default - x86_64
Compiling the C compiler identification source file "CMakeCCompilerId.c" succeeded.
Compiler: /opt/apps/gcc/5.2.0/bin/gcc 
Build flags: 
Id flags: 

The output was:
0


Compilation of the C compiler identification source "CMakeCCompilerId.c" produced "a.out"

The C compiler identification is GNU, found in "/home1/03980/shivaks/B2x2/build/CMakeFiles/3.4.1/CompilerIdC/a.out"

Compiling the CXX compiler identification source file "CMakeCXXCompilerId.cpp" succeeded.
Compiler: /opt/apps/gcc/5.2.0/bin/g++ 
Build flags: 
Id flags: 

The output was:
0


Compilation of the CXX compiler identification source "CMakeCXXCompilerId.cpp" produced "a.out"

The CXX compiler identification is GNU, found in "/home1/03980/shivaks/B2x2/build/CMakeFiles/3.4.1/CompilerIdCXX/a.out"

Determining if the C compiler works passed with the following output:
Change Dir: /home1/03980/shivaks/B2x2/build/CMakeFiles/CMakeTmp

Run Build Command:"/usr/bin/gmake" "cmTC_f1370/fast"
/usr/bin/gmake -f CMakeFiles/cmTC_f1370.dir/build.make CMakeFiles/cmTC_f1370.dir/build
gmake[1]: Entering directory `/home1/03980/shivaks/B2x2/build/CMakeFiles/CMakeTmp'
Building C object CMakeFiles/cmTC_f1370.dir/testCCompiler.c.o
/opt/apps/gcc/5.2.0/bin/gcc     -o CMakeFiles/cmTC_f1370.dir/testCCompiler.c.o   -c /home1/03980/shivaks/B2x2/build/CMakeFiles/CMakeTmp/testCCompiler.c
Linking C executable cmTC_f1370
/opt/apps/cmake/3.4.1/bin/cmake -E cmake_link_script CMakeFiles/cmTC_f1370.dir/link.txt --verbose=1
/opt/apps/gcc/5.2.0/bin/gcc       CMakeFiles/cmTC_f1370.dir/testCCompiler.c.o  -o cmTC_f1370 -rdynamic 
gmake[1]: Leaving directory `/home1/03980/shivaks/B2x2/build/CMakeFiles/CMakeTmp'


Detecting C compiler ABI info compiled with the following output:
Change Dir: /home1/03980/shivaks/B2x2/build/CMakeFiles/CMakeTmp

Run Build Command:"/usr/bin/gmake" "cmTC_71e33/fast"
/usr/bin/gmake -f CMakeFiles/cmTC_71e33.dir/build.make CMakeFiles/cmTC_71e33.dir/build
gmake[1]: Entering directory `/home1/03980/shivaks/B2x2/build/CMakeFiles/CMakeTmp'
Building C object CMakeFiles/cmTC_71e33.dir/CMakeCCompilerABI.c.o
/opt/apps/gcc/5.2.0/bin/gcc     -o CMakeFiles/cmTC_71e33.dir/CMakeCCompilerABI.c.o   -c /opt/apps/cmake/3.4.1/share/cmake-3.4/Modules/CMakeCCompilerABI.c
Linking C executable cmTC_71e33
/opt/apps/cmake/3.4.1/bin/cmake -E cmake_link_script CMakeFiles/cmTC_71e33.dir/link.txt --verbose=1
/opt/apps/gcc/5.2.0/bin/gcc      -v CMakeFiles/cmTC_71e33.dir/CMakeCCompilerABI.c.o  -o cmTC_71e33 -rdynamic  
Using built-in specs.
COLLECT_GCC=/opt/apps/gcc/5.2.0/bin/gcc
COLLECT_LTO_WRAPPER=/opt/apps/gcc/5.2.0/libexec/gcc/x86_64-unknown-linux-gnu/5.2.0/lto-wrapper
Target: x86_64-unknown-linux-gnu
Configured with: /admin/build/rpms/BUILD/gcc-5.2.0/configure --enable-lto --enable-libssp --enable-gold --with-arch=core-avx-i --with-tune=core-avx2 --enable-languages=c,c++,fortran --disable-multilib --prefix=/opt/apps/gcc/5.2.0 --with-gmp=/opt/apps/gcc/5.2.0 --with-mlgmp=/opt/apps/gcc/5.2.0 --with-mpfr=/opt/apps/gcc/5.2.0 --with-mpc=/opt/apps/gcc/5.2.0 --with-isl=/opt/apps/gcc/5.2.0
Thread model: posix
gcc version 5.2.0 (GCC) 
COMPILER_PATH=/opt/apps/gcc/5.2.0/libexec/gcc/x86_64-unknown-linux-gnu/5.2.0/:/opt/apps/gcc/5.2.0/libexec/gcc/x86_64-unknown-linux-gnu/5.2.0/:/opt/apps/gcc/5.2.0/libexec/gcc/x86_64-unknown-linux-gnu/:/opt/apps/gcc/5.2.0/lib/gcc/x86_64-unknown-linux-gnu/5.2.0/:/opt/apps/gcc/5.2.0/lib/gcc/x86_64-unknown-linux-gnu/:/opt/apps/gcc/5.2.0/lib/gcc/x86_64-unknown-linux-gnu/5.2.0/../../../../x86_64-unknown-linux-gnu/bin/
LIBRARY_PATH=/opt/apps/gcc/5.2.0/lib/gcc/x86_64-unknown-linux-gnu/5.2.0/:/opt/apps/gcc/5.2.0/lib/gcc/x86_64-unknown-linux-gnu/5.2.0/../../../../lib64/:/lib/../lib64/:/usr/lib/../lib64/:/opt/apps/gcc/5.2.0/lib/gcc/x86_64-unknown-linux-gnu/5.2.0/../../../../x86_64-unknown-linux-gnu/lib/:/opt/apps/gcc/5.2.0/lib/gcc/x86_64-unknown-linux-gnu/5.2.0/../../../:/lib/:/usr/lib/
COLLECT_GCC_OPTIONS='-v' '-o' 'cmTC_71e33' '-rdynamic' '-mtune=core-avx2' '-march=core-avx-i'
 /opt/apps/gcc/5.2.0/libexec/gcc/x86_64-unknown-linux-gnu/5.2.0/collect2 -plugin /opt/apps/gcc/5.2.0/libexec/gcc/x86_64-unknown-linux-gnu/5.2.0/liblto_plugin.so -plugin-opt=/opt/apps/gcc/5.2.0/libexec/gcc/x86_64-unknown-linux-gnu/5.2.0/lto-wrapper -plugin-opt=-fresolution=/tmp/ccm4Dwpu.res -plugin-opt=-pass-through=-lgcc -plugin-opt=-pass-through=-lgcc_s -plugin-opt=-pass-through=-lc -plugin-opt=-pass-through=-lgcc -plugin-opt=-pass-through=-lgcc_s --eh-frame-hdr -m elf_x86_64 -export-dynamic -dynamic-linker /lib64/ld-linux-x86-64.so.2 -o cmTC_71e33 /usr/lib/../lib64/crt1.o /usr/lib/../lib64/crti.o /opt/apps/gcc/5.2.0/lib/gcc/x86_64-unknown-linux-gnu/5.2.0/crtbegin.o -L/opt/apps/gcc/5.2.0/lib/gcc/x86_64-unknown-linux-gnu/5.2.0 -L/opt/apps/gcc/5.2.0/lib/gcc/x86_64-unknown-linux-gnu/5.2.0/../../../../lib64 -L/lib/../lib64 -L/usr/lib/../lib64 -L/opt/apps/gcc/5.2.0/lib/gcc/x86_64-unknown-linux-gnu/5.2.0/../../../../x86_64-unknown-linux-gnu/lib -L/opt/apps/gcc/5.2.0/lib/gcc/x86_64-unknown-linux-gnu/5.2.0/../../.. CMakeFiles/cmTC_71e33.dir/CMakeCCompilerABI.c.o -lgcc --as-needed -lgcc_s --no-as-needed -lc -lgcc --as-needed -lgcc_s --no-as-needed /opt/apps/gcc/5.2.0/lib/gcc/x86_64-unknown-linux-gnu/5.2.0/crtend.o /usr/lib/../lib64/crtn.o
gmake[1]: Leaving directory `/home1/03980/shivaks/B2x2/build/CMakeFiles/CMakeTmp'


Parsed C implicit link information from above output:
  link line regex: [^( *|.*[/\])(ld|([^/\]+-)?ld|collect2)[^/\]*( |$)]
  ignore line: [Change Dir: /home1/03980/shivaks/B2x2/build/CMakeFiles/CMakeTmp]
  ignore line: []
  ignore line: [Run Build Command:"/usr/bin/gmake" "cmTC_71e33/fast"]
  ignore line: [/usr/bin/gmake -f CMakeFiles/cmTC_71e33.dir/build.make CMakeFiles/cmTC_71e33.dir/build]
  ignore line: [gmake[1]: Entering directory `/home1/03980/shivaks/B2x2/build/CMakeFiles/CMakeTmp']
  ignore line: [Building C object CMakeFiles/cmTC_71e33.dir/CMakeCCompilerABI.c.o]
  ignore line: [/opt/apps/gcc/5.2.0/bin/gcc     -o CMakeFiles/cmTC_71e33.dir/CMakeCCompilerABI.c.o   -c /opt/apps/cmake/3.4.1/share/cmake-3.4/Modules/CMakeCCompilerABI.c]
  ignore line: [Linking C executable cmTC_71e33]
  ignore line: [/opt/apps/cmake/3.4.1/bin/cmake -E cmake_link_script CMakeFiles/cmTC_71e33.dir/link.txt --verbose=1]
  ignore line: [/opt/apps/gcc/5.2.0/bin/gcc      -v CMakeFiles/cmTC_71e33.dir/CMakeCCompilerABI.c.o  -o cmTC_71e33 -rdynamic  ]
  ignore line: [Using built-in specs.]
  ignore line: [COLLECT_GCC=/opt/apps/gcc/5.2.0/bin/gcc]
  ignore line: [COLLECT_LTO_WRAPPER=/opt/apps/gcc/5.2.0/libexec/gcc/x86_64-unknown-linux-gnu/5.2.0/lto-wrapper]
  ignore line: [Target: x86_64-unknown-linux-gnu]
  ignore line: [Configured with: /admin/build/rpms/BUILD/gcc-5.2.0/configure --enable-lto --enable-libssp --enable-gold --with-arch=core-avx-i --with-tune=core-avx2 --enable-languages=c,c++,fortran --disable-multilib --prefix=/opt/apps/gcc/5.2.0 --with-gmp=/opt/apps/gcc/5.2.0 --with-mlgmp=/opt/apps/gcc/5.2.0 --with-mpfr=/opt/apps/gcc/5.2.0 --with-mpc=/opt/apps/gcc/5.2.0 --with-isl=/opt/apps/gcc/5.2.0]
  ignore line: [Thread model: posix]
  ignore line: [gcc version 5.2.0 (GCC) ]
  ignore line: [COMPILER_PATH=/opt/apps/gcc/5.2.0/libexec/gcc/x86_64-unknown-linux-gnu/5.2.0/:/opt/apps/gcc/5.2.0/libexec/gcc/x86_64-unknown-linux-gnu/5.2.0/:/opt/apps/gcc/5.2.0/libexec/gcc/x86_64-unknown-linux-gnu/:/opt/apps/gcc/5.2.0/lib/gcc/x86_64-unknown-linux-gnu/5.2.0/:/opt/apps/gcc/5.2.0/lib/gcc/x86_64-unknown-linux-gnu/:/opt/apps/gcc/5.2.0/lib/gcc/x86_64-unknown-linux-gnu/5.2.0/../../../../x86_64-unknown-linux-gnu/bin/]
  ignore line: [LIBRARY_PATH=/opt/apps/gcc/5.2.0/lib/gcc/x86_64-unknown-linux-gnu/5.2.0/:/opt/apps/gcc/5.2.0/lib/gcc/x86_64-unknown-linux-gnu/5.2.0/../../../../lib64/:/lib/../lib64/:/usr/lib/../lib64/:/opt/apps/gcc/5.2.0/lib/gcc/x86_64-unknown-linux-gnu/5.2.0/../../../../x86_64-unknown-linux-gnu/lib/:/opt/apps/gcc/5.2.0/lib/gcc/x86_64-unknown-linux-gnu/5.2.0/../../../:/lib/:/usr/lib/]
  ignore line: [COLLECT_GCC_OPTIONS='-v' '-o' 'cmTC_71e33' '-rdynamic' '-mtune=core-avx2' '-march=core-avx-i']
  link line: [ /opt/apps/gcc/5.2.0/libexec/gcc/x86_64-unknown-linux-gnu/5.2.0/collect2 -plugin /opt/apps/gcc/5.2.0/libexec/gcc/x86_64-unknown-linux-gnu/5.2.0/liblto_plugin.so -plugin-opt=/opt/apps/gcc/5.2.0/libexec/gcc/x86_64-unknown-linux-gnu/5.2.0/lto-wrapper -plugin-opt=-fresolution=/tmp/ccm4Dwpu.res -plugin-opt=-pass-through=-lgcc -plugin-opt=-pass-through=-lgcc_s -plugin-opt=-pass-through=-lc -plugin-opt=-pass-through=-lgcc -plugin-opt=-pass-through=-lgcc_s --eh-frame-hdr -m elf_x86_64 -export-dynamic -dynamic-linker /lib64/ld-linux-x86-64.so.2 -o cmTC_71e33 /usr/lib/../lib64/crt1.o /usr/lib/../lib64/crti.o /opt/apps/gcc/5.2.0/lib/gcc/x86_64-unknown-linux-gnu/5.2.0/crtbegin.o -L/opt/apps/gcc/5.2.0/lib/gcc/x86_64-unknown-linux-gnu/5.2.0 -L/opt/apps/gcc/5.2.0/lib/gcc/x86_64-unknown-linux-gnu/5.2.0/../../../../lib64 -L/lib/../lib64 -L/usr/lib/../lib64 -L/opt/apps/gcc/5.2.0/lib/gcc/x86_64-unknown-linux-gnu/5.2.0/../../../../x86_64-unknown-linux-gnu/lib -L/opt/apps/gcc/5.2.0/lib/gcc/x86_64-unknown-linux-gnu/5.2.0/../../.. CMakeFiles/cmTC_71e33.dir/CMakeCCompilerABI.c.o -lgcc --as-needed -lgcc_s --no-as-needed -lc -lgcc --as-needed -lgcc_s --no-as-needed /opt/apps/gcc/5.2.0/lib/gcc/x86_64-unknown-linux-gnu/5.2.0/crtend.o /usr/lib/../lib64/crtn.o]
    arg [/opt/apps/gcc/5.2.0/libexec/gcc/x86_64-unknown-linux-gnu/5.2.0/collect2] ==> ignore
    arg [-plugin] ==> ignore
    arg [/opt/apps/gcc/5.2.0/libexec/gcc/x86_64-unknown-linux-gnu/5.2.0/liblto_plugin.so] ==> ignore
    arg [-plugin-opt=/opt/apps/gcc/5.2.0/libexec/gcc/x86_64-unknown-linux-gnu/5.2.0/lto-wrapper] ==> ignore
    arg [-plugin-opt=-fresolution=/tmp/ccm4Dwpu.res] ==> ignore
    arg [-plugin-opt=-pass-through=-lgcc] ==> ignore
    arg [-plugin-opt=-pass-through=-lgcc_s] ==> ignore
    arg [-plugin-opt=-pass-through=-lc] ==> ignore
    arg [-plugin-opt=-pass-through=-lgcc] ==> ignore
    arg [-plugin-opt=-pass-through=-lgcc_s] ==> ignore
    arg [--eh-frame-hdr] ==> ignore
    arg [-m] ==> ignore
    arg [elf_x86_64] ==> ignore
    arg [-export-dynamic] ==> ignore
    arg [-dynamic-linker] ==> ignore
    arg [/lib64/ld-linux-x86-64.so.2] ==> ignore
    arg [-o] ==> ignore
    arg [cmTC_71e33] ==> ignore
    arg [/usr/lib/../lib64/crt1.o] ==> ignore
    arg [/usr/lib/../lib64/crti.o] ==> ignore
    arg [/opt/apps/gcc/5.2.0/lib/gcc/x86_64-unknown-linux-gnu/5.2.0/crtbegin.o] ==> ignore
    arg [-L/opt/apps/gcc/5.2.0/lib/gcc/x86_64-unknown-linux-gnu/5.2.0] ==> dir [/opt/apps/gcc/5.2.0/lib/gcc/x86_64-unknown-linux-gnu/5.2.0]
    arg [-L/opt/apps/gcc/5.2.0/lib/gcc/x86_64-unknown-linux-gnu/5.2.0/../../../../lib64] ==> dir [/opt/apps/gcc/5.2.0/lib/gcc/x86_64-unknown-linux-gnu/5.2.0/../../../../lib64]
    arg [-L/lib/../lib64] ==> dir [/lib/../lib64]
    arg [-L/usr/lib/../lib64] ==> dir [/usr/lib/../lib64]
    arg [-L/opt/apps/gcc/5.2.0/lib/gcc/x86_64-unknown-linux-gnu/5.2.0/../../../../x86_64-unknown-linux-gnu/lib] ==> dir [/opt/apps/gcc/5.2.0/lib/gcc/x86_64-unknown-linux-gnu/5.2.0/../../../../x86_64-unknown-linux-gnu/lib]
    arg [-L/opt/apps/gcc/5.2.0/lib/gcc/x86_64-unknown-linux-gnu/5.2.0/../../..] ==> dir [/opt/apps/gcc/5.2.0/lib/gcc/x86_64-unknown-linux-gnu/5.2.0/../../..]
    arg [CMakeFiles/cmTC_71e33.dir/CMakeCCompilerABI.c.o] ==> ignore
    arg [-lgcc] ==> lib [gcc]
    arg [--as-needed] ==> ignore
    arg [-lgcc_s] ==> lib [gcc_s]
    arg [--no-as-needed] ==> ignore
    arg [-lc] ==> lib [c]
    arg [-lgcc] ==> lib [gcc]
    arg [--as-needed] ==> ignore
    arg [-lgcc_s] ==> lib [gcc_s]
    arg [--no-as-needed] ==> ignore
    arg [/opt/apps/gcc/5.2.0/lib/gcc/x86_64-unknown-linux-gnu/5.2.0/crtend.o] ==> ignore
    arg [/usr/lib/../lib64/crtn.o] ==> ignore
  remove lib [gcc]
  remove lib [gcc_s]
  remove lib [gcc]
  remove lib [gcc_s]
  collapse library dir [/opt/apps/gcc/5.2.0/lib/gcc/x86_64-unknown-linux-gnu/5.2.0] ==> [/opt/apps/gcc/5.2.0/lib/gcc/x86_64-unknown-linux-gnu/5.2.0]
  collapse library dir [/opt/apps/gcc/5.2.0/lib/gcc/x86_64-unknown-linux-gnu/5.2.0/../../../../lib64] ==> [/opt/apps/gcc/5.2.0/lib64]
  collapse library dir [/lib/../lib64] ==> [/lib64]
  collapse library dir [/usr/lib/../lib64] ==> [/usr/lib64]
  collapse library dir [/opt/apps/gcc/5.2.0/lib/gcc/x86_64-unknown-linux-gnu/5.2.0/../../../../x86_64-unknown-linux-gnu/lib] ==> [/opt/apps/gcc/5.2.0/x86_64-unknown-linux-gnu/lib]
  collapse library dir [/opt/apps/gcc/5.2.0/lib/gcc/x86_64-unknown-linux-gnu/5.2.0/../../..] ==> [/opt/apps/gcc/5.2.0/lib]
  implicit libs: [c]
  implicit dirs: [/opt/apps/gcc/5.2.0/lib/gcc/x86_64-unknown-linux-gnu/5.2.0;/opt/apps/gcc/5.2.0/lib64;/lib64;/usr/lib64;/opt/apps/gcc/5.2.0/x86_64-unknown-linux-gnu/lib;/opt/apps/gcc/5.2.0/lib]
  implicit fwks: []




Detecting C [-std=c11] compiler features compiled with the following output:
Change Dir: /home1/03980/shivaks/B2x2/build/CMakeFiles/CMakeTmp

Run Build Command:"/usr/bin/gmake" "cmTC_aaa62/fast"
/usr/bin/gmake -f CMakeFiles/cmTC_aaa62.dir/build.make CMakeFiles/cmTC_aaa62.dir/build
gmake[1]: Entering directory `/home1/03980/shivaks/B2x2/build/CMakeFiles/CMakeTmp'
Building C object CMakeFiles/cmTC_aaa62.dir/feature_tests.c.o
/opt/apps/gcc/5.2.0/bin/gcc    -std=c11 -o CMakeFiles/cmTC_aaa62.dir/feature_tests.c.o   -c /home1/03980/shivaks/B2x2/build/CMakeFiles/feature_tests.c
Linking C executable cmTC_aaa62
/opt/apps/cmake/3.4.1/bin/cmake -E cmake_link_script CMakeFiles/cmTC_aaa62.dir/link.txt --verbose=1
/opt/apps/gcc/5.2.0/bin/gcc       CMakeFiles/cmTC_aaa62.dir/feature_tests.c.o  -o cmTC_aaa62 -rdynamic 
gmake[1]: Leaving directory `/home1/03980/shivaks/B2x2/build/CMakeFiles/CMakeTmp'


    Feature record: C_FEATURE:1c_function_prototypes
    Feature record: C_FEATURE:1c_restrict
    Feature record: C_FEATURE:1c_static_assert
    Feature record: C_FEATURE:1c_variadic_macros


Detecting C [-std=c99] compiler features compiled with the following output:
Change Dir: /home1/03980/shivaks/B2x2/build/CMakeFiles/CMakeTmp

Run Build Command:"/usr/bin/gmake" "cmTC_dfa46/fast"
/usr/bin/gmake -f CMakeFiles/cmTC_dfa46.dir/build.make CMakeFiles/cmTC_dfa46.dir/build
gmake[1]: Entering directory `/home1/03980/shivaks/B2x2/build/CMakeFiles/CMakeTmp'
Building C object CMakeFiles/cmTC_dfa46.dir/feature_tests.c.o
/opt/apps/gcc/5.2.0/bin/gcc    -std=c99 -o CMakeFiles/cmTC_dfa46.dir/feature_tests.c.o   -c /home1/03980/shivaks/B2x2/build/CMakeFiles/feature_tests.c
Linking C executable cmTC_dfa46
/opt/apps/cmake/3.4.1/bin/cmake -E cmake_link_script CMakeFiles/cmTC_dfa46.dir/link.txt --verbose=1
/opt/apps/gcc/5.2.0/bin/gcc       CMakeFiles/cmTC_dfa46.dir/feature_tests.c.o  -o cmTC_dfa46 -rdynamic 
gmake[1]: Leaving directory `/home1/03980/shivaks/B2x2/build/CMakeFiles/CMakeTmp'


    Feature record: C_FEATURE:1c_function_prototypes
    Feature record: C_FEATURE:1c_restrict
    Feature record: C_FEATURE:0c_static_assert
    Feature record: C_FEATURE:1c_variadic_macros


Detecting C [-std=c90] compiler features compiled with the following output:
Change Dir: /home1/03980/shivaks/B2x2/build/CMakeFiles/CMakeTmp

Run Build Command:"/usr/bin/gmake" "cmTC_5190f/fast"
/usr/bin/gmake -f CMakeFiles/cmTC_5190f.dir/build.make CMakeFiles/cmTC_5190f.dir/build
gmake[1]: Entering directory `/home1/03980/shivaks/B2x2/build/CMakeFiles/CMakeTmp'
Building C object CMakeFiles/cmTC_5190f.dir/feature_tests.c.o
/opt/apps/gcc/5.2.0/bin/gcc    -std=c90 -o CMakeFiles/cmTC_5190f.dir/feature_tests.c.o   -c /home1/03980/shivaks/B2x2/build/CMakeFiles/feature_tests.c
Linking C executable cmTC_5190f
/opt/apps/cmake/3.4.1/bin/cmake -E cmake_link_script CMakeFiles/cmTC_5190f.dir/link.txt --verbose=1
/opt/apps/gcc/5.2.0/bin/gcc       CMakeFiles/cmTC_5190f.dir/feature_tests.c.o  -o cmTC_5190f -rdynamic 
gmake[1]: Leaving directory `/home1/03980/shivaks/B2x2/build/CMakeFiles/CMakeTmp'


    Feature record: C_FEATURE:1c_function_prototypes
    Feature record: C_FEATURE:0c_restrict
    Feature record: C_FEATURE:0c_static_assert
    Feature record: C_FEATURE:0c_variadic_macros
Determining if the CXX compiler works passed with the following output:
Change Dir: /home1/03980/shivaks/B2x2/build/CMakeFiles/CMakeTmp

Run Build Command:"/usr/bin/gmake" "cmTC_5313c/fast"
/usr/bin/gmake -f CMakeFiles/cmTC_5313c.dir/build.make CMakeFiles/cmTC_5313c.dir/build
gmake[1]: Entering directory `/home1/03980/shivaks/B2x2/build/CMakeFiles/CMakeTmp'
Building CXX object CMakeFiles/cmTC_5313c.dir/testCXXCompiler.cxx.o
/opt/apps/gcc/5.2.0/bin/g++      -o CMakeFiles/cmTC_5313c.dir/testCXXCompiler.cxx.o -c /home1/03980/shivaks/B2x2/build/CMakeFiles/CMakeTmp/testCXXCompiler.cxx
Linking CXX executable cmTC_5313c
/opt/apps/cmake/3.4.1/bin/cmake -E cmake_link_script CMakeFiles/cmTC_5313c.dir/link.txt --verbose=1
/opt/apps/gcc/5.2.0/bin/g++        CMakeFiles/cmTC_5313c.dir/testCXXCompiler.cxx.o  -o cmTC_5313c -rdynamic 
gmake[1]: Leaving directory `/home1/03980/shivaks/B2x2/build/CMakeFiles/CMakeTmp'


Detecting CXX compiler ABI info compiled with the following output:
Change Dir: /home1/03980/shivaks/B2x2/build/CMakeFiles/CMakeTmp

Run Build Command:"/usr/bin/gmake" "cmTC_680a2/fast"
/usr/bin/gmake -f CMakeFiles/cmTC_680a2.dir/build.make CMakeFiles/cmTC_680a2.dir/build
gmake[1]: Entering directory `/home1/03980/shivaks/B2x2/build/CMakeFiles/CMakeTmp'
Building CXX object CMakeFiles/cmTC_680a2.dir/CMakeCXXCompilerABI.cpp.o
/opt/apps/gcc/5.2.0/bin/g++      -o CMakeFiles/cmTC_680a2.dir/CMakeCXXCompilerABI.cpp.o -c /opt/apps/cmake/3.4.1/share/cmake-3.4/Modules/CMakeCXXCompilerABI.cpp
Linking CXX executable cmTC_680a2
/opt/apps/cmake/3.4.1/bin/cmake -E cmake_link_script CMakeFiles/cmTC_680a2.dir/link.txt --verbose=1
/opt/apps/gcc/5.2.0/bin/g++       -v CMakeFiles/cmTC_680a2.dir/CMakeCXXCompilerABI.cpp.o  -o cmTC_680a2 -rdynamic  
Using built-in specs.
COLLECT_GCC=/opt/apps/gcc/5.2.0/bin/g++
COLLECT_LTO_WRAPPER=/opt/apps/gcc/5.2.0/libexec/gcc/x86_64-unknown-linux-gnu/5.2.0/lto-wrapper
Target: x86_64-unknown-linux-gnu
Configured with: /admin/build/rpms/BUILD/gcc-5.2.0/configure --enable-lto --enable-libssp --enable-gold --with-arch=core-avx-i --with-tune=core-avx2 --enable-languages=c,c++,fortran --disable-multilib --prefix=/opt/apps/gcc/5.2.0 --with-gmp=/opt/apps/gcc/5.2.0 --with-mlgmp=/opt/apps/gcc/5.2.0 --with-mpfr=/opt/apps/gcc/5.2.0 --with-mpc=/opt/apps/gcc/5.2.0 --with-isl=/opt/apps/gcc/5.2.0
Thread model: posix
gcc version 5.2.0 (GCC) 
COMPILER_PATH=/opt/apps/gcc/5.2.0/libexec/gcc/x86_64-unknown-linux-gnu/5.2.0/:/opt/apps/gcc/5.2.0/libexec/gcc/x86_64-unknown-linux-gnu/5.2.0/:/opt/apps/gcc/5.2.0/libexec/gcc/x86_64-unknown-linux-gnu/:/opt/apps/gcc/5.2.0/lib/gcc/x86_64-unknown-linux-gnu/5.2.0/:/opt/apps/gcc/5.2.0/lib/gcc/x86_64-unknown-linux-gnu/:/opt/apps/gcc/5.2.0/lib/gcc/x86_64-unknown-linux-gnu/5.2.0/../../../../x86_64-unknown-linux-gnu/bin/
LIBRARY_PATH=/opt/apps/gcc/5.2.0/lib/gcc/x86_64-unknown-linux-gnu/5.2.0/:/opt/apps/gcc/5.2.0/lib/gcc/x86_64-unknown-linux-gnu/5.2.0/../../../../lib64/:/lib/../lib64/:/usr/lib/../lib64/:/opt/apps/gcc/5.2.0/lib/gcc/x86_64-unknown-linux-gnu/5.2.0/../../../../x86_64-unknown-linux-gnu/lib/:/opt/apps/gcc/5.2.0/lib/gcc/x86_64-unknown-linux-gnu/5.2.0/../../../:/lib/:/usr/lib/
COLLECT_GCC_OPTIONS='-v' '-o' 'cmTC_680a2' '-rdynamic' '-shared-libgcc' '-mtune=core-avx2' '-march=core-avx-i'
 /opt/apps/gcc/5.2.0/libexec/gcc/x86_64-unknown-linux-gnu/5.2.0/collect2 -plugin /opt/apps/gcc/5.2.0/libexec/gcc/x86_64-unknown-linux-gnu/5.2.0/liblto_plugin.so -plugin-opt=/opt/apps/gcc/5.2.0/libexec/gcc/x86_64-unknown-linux-gnu/5.2.0/lto-wrapper -plugin-opt=-fresolution=/tmp/cc1dHye4.res -plugin-opt=-pass-through=-lgcc_s -plugin-opt=-pass-through=-lgcc -plugin-opt=-pass-through=-lc -plugin-opt=-pass-through=-lgcc_s -plugin-opt=-pass-through=-lgcc --eh-frame-hdr -m elf_x86_64 -export-dynamic -dynamic-linker /lib64/ld-linux-x86-64.so.2 -o cmTC_680a2 /usr/lib/../lib64/crt1.o /usr/lib/../lib64/crti.o /opt/apps/gcc/5.2.0/lib/gcc/x86_64-unknown-linux-gnu/5.2.0/crtbegin.o -L/opt/apps/gcc/5.2.0/lib/gcc/x86_64-unknown-linux-gnu/5.2.0 -L/opt/apps/gcc/5.2.0/lib/gcc/x86_64-unknown-linux-gnu/5.2.0/../../../../lib64 -L/lib/../lib64 -L/usr/lib/../lib64 -L/opt/apps/gcc/5.2.0/lib/gcc/x86_64-unknown-linux-gnu/5.2.0/../../../../x86_64-unknown-linux-gnu/lib -L/opt/apps/gcc/5.2.0/lib/gcc/x86_64-unknown-linux-gnu/5.2.0/../../.. CMakeFiles/cmTC_680a2.dir/CMakeCXXCompilerABI.cpp.o -lstdc++ -lm -lgcc_s -lgcc -lc -lgcc_s -lgcc /opt/apps/gcc/5.2.0/lib/gcc/x86_64-unknown-linux-gnu/5.2.0/crtend.o /usr/lib/../lib64/crtn.o
gmake[1]: Leaving directory `/home1/03980/shivaks/B2x2/build/CMakeFiles/CMakeTmp'


Parsed CXX implicit link information from above output:
  link line regex: [^( *|.*[/\])(ld|([^/\]+-)?ld|collect2)[^/\]*( |$)]
  ignore line: [Change Dir: /home1/03980/shivaks/B2x2/build/CMakeFiles/CMakeTmp]
  ignore line: []
  ignore line: [Run Build Command:"/usr/bin/gmake" "cmTC_680a2/fast"]
  ignore line: [/usr/bin/gmake -f CMakeFiles/cmTC_680a2.dir/build.make CMakeFiles/cmTC_680a2.dir/build]
  ignore line: [gmake[1]: Entering directory `/home1/03980/shivaks/B2x2/build/CMakeFiles/CMakeTmp']
  ignore line: [Building CXX object CMakeFiles/cmTC_680a2.dir/CMakeCXXCompilerABI.cpp.o]
  ignore line: [/opt/apps/gcc/5.2.0/bin/g++      -o CMakeFiles/cmTC_680a2.dir/CMakeCXXCompilerABI.cpp.o -c /opt/apps/cmake/3.4.1/share/cmake-3.4/Modules/CMakeCXXCompilerABI.cpp]
  ignore line: [Linking CXX executable cmTC_680a2]
  ignore line: [/opt/apps/cmake/3.4.1/bin/cmake -E cmake_link_script CMakeFiles/cmTC_680a2.dir/link.txt --verbose=1]
  ignore line: [/opt/apps/gcc/5.2.0/bin/g++       -v CMakeFiles/cmTC_680a2.dir/CMakeCXXCompilerABI.cpp.o  -o cmTC_680a2 -rdynamic  ]
  ignore line: [Using built-in specs.]
  ignore line: [COLLECT_GCC=/opt/apps/gcc/5.2.0/bin/g++]
  ignore line: [COLLECT_LTO_WRAPPER=/opt/apps/gcc/5.2.0/libexec/gcc/x86_64-unknown-linux-gnu/5.2.0/lto-wrapper]
  ignore line: [Target: x86_64-unknown-linux-gnu]
  ignore line: [Configured with: /admin/build/rpms/BUILD/gcc-5.2.0/configure --enable-lto --enable-libssp --enable-gold --with-arch=core-avx-i --with-tune=core-avx2 --enable-languages=c,c++,fortran --disable-multilib --prefix=/opt/apps/gcc/5.2.0 --with-gmp=/opt/apps/gcc/5.2.0 --with-mlgmp=/opt/apps/gcc/5.2.0 --with-mpfr=/opt/apps/gcc/5.2.0 --with-mpc=/opt/apps/gcc/5.2.0 --with-isl=/opt/apps/gcc/5.2.0]
  ignore line: [Thread model: posix]
  ignore line: [gcc version 5.2.0 (GCC) ]
  ignore line: [COMPILER_PATH=/opt/apps/gcc/5.2.0/libexec/gcc/x86_64-unknown-linux-gnu/5.2.0/:/opt/apps/gcc/5.2.0/libexec/gcc/x86_64-unknown-linux-gnu/5.2.0/:/opt/apps/gcc/5.2.0/libexec/gcc/x86_64-unknown-linux-gnu/:/opt/apps/gcc/5.2.0/lib/gcc/x86_64-unknown-linux-gnu/5.2.0/:/opt/apps/gcc/5.2.0/lib/gcc/x86_64-unknown-linux-gnu/:/opt/apps/gcc/5.2.0/lib/gcc/x86_64-unknown-linux-gnu/5.2.0/../../../../x86_64-unknown-linux-gnu/bin/]
  ignore line: [LIBRARY_PATH=/opt/apps/gcc/5.2.0/lib/gcc/x86_64-unknown-linux-gnu/5.2.0/:/opt/apps/gcc/5.2.0/lib/gcc/x86_64-unknown-linux-gnu/5.2.0/../../../../lib64/:/lib/../lib64/:/usr/lib/../lib64/:/opt/apps/gcc/5.2.0/lib/gcc/x86_64-unknown-linux-gnu/5.2.0/../../../../x86_64-unknown-linux-gnu/lib/:/opt/apps/gcc/5.2.0/lib/gcc/x86_64-unknown-linux-gnu/5.2.0/../../../:/lib/:/usr/lib/]
  ignore line: [COLLECT_GCC_OPTIONS='-v' '-o' 'cmTC_680a2' '-rdynamic' '-shared-libgcc' '-mtune=core-avx2' '-march=core-avx-i']
  link line: [ /opt/apps/gcc/5.2.0/libexec/gcc/x86_64-unknown-linux-gnu/5.2.0/collect2 -plugin /opt/apps/gcc/5.2.0/libexec/gcc/x86_64-unknown-linux-gnu/5.2.0/liblto_plugin.so -plugin-opt=/opt/apps/gcc/5.2.0/libexec/gcc/x86_64-unknown-linux-gnu/5.2.0/lto-wrapper -plugin-opt=-fresolution=/tmp/cc1dHye4.res -plugin-opt=-pass-through=-lgcc_s -plugin-opt=-pass-through=-lgcc -plugin-opt=-pass-through=-lc -plugin-opt=-pass-through=-lgcc_s -plugin-opt=-pass-through=-lgcc --eh-frame-hdr -m elf_x86_64 -export-dynamic -dynamic-linker /lib64/ld-linux-x86-64.so.2 -o cmTC_680a2 /usr/lib/../lib64/crt1.o /usr/lib/../lib64/crti.o /opt/apps/gcc/5.2.0/lib/gcc/x86_64-unknown-linux-gnu/5.2.0/crtbegin.o -L/opt/apps/gcc/5.2.0/lib/gcc/x86_64-unknown-linux-gnu/5.2.0 -L/opt/apps/gcc/5.2.0/lib/gcc/x86_64-unknown-linux-gnu/5.2.0/../../../../lib64 -L/lib/../lib64 -L/usr/lib/../lib64 -L/opt/apps/gcc/5.2.0/lib/gcc/x86_64-unknown-linux-gnu/5.2.0/../../../../x86_64-unknown-linux-gnu/lib -L/opt/apps/gcc/5.2.0/lib/gcc/x86_64-unknown-linux-gnu/5.2.0/../../.. CMakeFiles/cmTC_680a2.dir/CMakeCXXCompilerABI.cpp.o -lstdc++ -lm -lgcc_s -lgcc -lc -lgcc_s -lgcc /opt/apps/gcc/5.2.0/lib/gcc/x86_64-unknown-linux-gnu/5.2.0/crtend.o /usr/lib/../lib64/crtn.o]
    arg [/opt/apps/gcc/5.2.0/libexec/gcc/x86_64-unknown-linux-gnu/5.2.0/collect2] ==> ignore
    arg [-plugin] ==> ignore
    arg [/opt/apps/gcc/5.2.0/libexec/gcc/x86_64-unknown-linux-gnu/5.2.0/liblto_plugin.so] ==> ignore
    arg [-plugin-opt=/opt/apps/gcc/5.2.0/libexec/gcc/x86_64-unknown-linux-gnu/5.2.0/lto-wrapper] ==> ignore
    arg [-plugin-opt=-fresolution=/tmp/cc1dHye4.res] ==> ignore
    arg [-plugin-opt=-pass-through=-lgcc_s] ==> ignore
    arg [-plugin-opt=-pass-through=-lgcc] ==> ignore
    arg [-plugin-opt=-pass-through=-lc] ==> ignore
    arg [-plugin-opt=-pass-through=-lgcc_s] ==> ignore
    arg [-plugin-opt=-pass-through=-lgcc] ==> ignore
    arg [--eh-frame-hdr] ==> ignore
    arg [-m] ==> ignore
    arg [elf_x86_64] ==> ignore
    arg [-export-dynamic] ==> ignore
    arg [-dynamic-linker] ==> ignore
    arg [/lib64/ld-linux-x86-64.so.2] ==> ignore
    arg [-o] ==> ignore
    arg [cmTC_680a2] ==> ignore
    arg [/usr/lib/../lib64/crt1.o] ==> ignore
    arg [/usr/lib/../lib64/crti.o] ==> ignore
    arg [/opt/apps/gcc/5.2.0/lib/gcc/x86_64-unknown-linux-gnu/5.2.0/crtbegin.o] ==> ignore
    arg [-L/opt/apps/gcc/5.2.0/lib/gcc/x86_64-unknown-linux-gnu/5.2.0] ==> dir [/opt/apps/gcc/5.2.0/lib/gcc/x86_64-unknown-linux-gnu/5.2.0]
    arg [-L/opt/apps/gcc/5.2.0/lib/gcc/x86_64-unknown-linux-gnu/5.2.0/../../../../lib64] ==> dir [/opt/apps/gcc/5.2.0/lib/gcc/x86_64-unknown-linux-gnu/5.2.0/../../../../lib64]
    arg [-L/lib/../lib64] ==> dir [/lib/../lib64]
    arg [-L/usr/lib/../lib64] ==> dir [/usr/lib/../lib64]
    arg [-L/opt/apps/gcc/5.2.0/lib/gcc/x86_64-unknown-linux-gnu/5.2.0/../../../../x86_64-unknown-linux-gnu/lib] ==> dir [/opt/apps/gcc/5.2.0/lib/gcc/x86_64-unknown-linux-gnu/5.2.0/../../../../x86_64-unknown-linux-gnu/lib]
    arg [-L/opt/apps/gcc/5.2.0/lib/gcc/x86_64-unknown-linux-gnu/5.2.0/../../..] ==> dir [/opt/apps/gcc/5.2.0/lib/gcc/x86_64-unknown-linux-gnu/5.2.0/../../..]
    arg [CMakeFiles/cmTC_680a2.dir/CMakeCXXCompilerABI.cpp.o] ==> ignore
    arg [-lstdc++] ==> lib [stdc++]
    arg [-lm] ==> lib [m]
    arg [-lgcc_s] ==> lib [gcc_s]
    arg [-lgcc] ==> lib [gcc]
    arg [-lc] ==> lib [c]
    arg [-lgcc_s] ==> lib [gcc_s]
    arg [-lgcc] ==> lib [gcc]
    arg [/opt/apps/gcc/5.2.0/lib/gcc/x86_64-unknown-linux-gnu/5.2.0/crtend.o] ==> ignore
    arg [/usr/lib/../lib64/crtn.o] ==> ignore
  remove lib [gcc_s]
  remove lib [gcc]
  remove lib [gcc_s]
  remove lib [gcc]
  collapse library dir [/opt/apps/gcc/5.2.0/lib/gcc/x86_64-unknown-linux-gnu/5.2.0] ==> [/opt/apps/gcc/5.2.0/lib/gcc/x86_64-unknown-linux-gnu/5.2.0]
  collapse library dir [/opt/apps/gcc/5.2.0/lib/gcc/x86_64-unknown-linux-gnu/5.2.0/../../../../lib64] ==> [/opt/apps/gcc/5.2.0/lib64]
  collapse library dir [/lib/../lib64] ==> [/lib64]
  collapse library dir [/usr/lib/../lib64] ==> [/usr/lib64]
  collapse library dir [/opt/apps/gcc/5.2.0/lib/gcc/x86_64-unknown-linux-gnu/5.2.0/../../../../x86_64-unknown-linux-gnu/lib] ==> [/opt/apps/gcc/5.2.0/x86_64-unknown-linux-gnu/lib]
  collapse library dir [/opt/apps/gcc/5.2.0/lib/gcc/x86_64-unknown-linux-gnu/5.2.0/../../..] ==> [/opt/apps/gcc/5.2.0/lib]
  implicit libs: [stdc++;m;c]
  implicit dirs: [/opt/apps/gcc/5.2.0/lib/gcc/x86_64-unknown-linux-gnu/5.2.0;/opt/apps/gcc/5.2.0/lib64;/lib64;/usr/lib64;/opt/apps/gcc/5.2.0/x86_64-unknown-linux-gnu/lib;/opt/apps/gcc/5.2.0/lib]
  implicit fwks: []




Detecting CXX [-std=c++14] compiler features compiled with the following output:
Change Dir: /home1/03980/shivaks/B2x2/build/CMakeFiles/CMakeTmp

Run Build Command:"/usr/bin/gmake" "cmTC_6e5a7/fast"
/usr/bin/gmake -f CMakeFiles/cmTC_6e5a7.dir/build.make CMakeFiles/cmTC_6e5a7.dir/build
gmake[1]: Entering directory `/home1/03980/shivaks/B2x2/build/CMakeFiles/CMakeTmp'
Building CXX object CMakeFiles/cmTC_6e5a7.dir/feature_tests.cxx.o
/opt/apps/gcc/5.2.0/bin/g++     -std=c++14 -o CMakeFiles/cmTC_6e5a7.dir/feature_tests.cxx.o -c /home1/03980/shivaks/B2x2/build/CMakeFiles/feature_tests.cxx
Linking CXX executable cmTC_6e5a7
/opt/apps/cmake/3.4.1/bin/cmake -E cmake_link_script CMakeFiles/cmTC_6e5a7.dir/link.txt --verbose=1
/opt/apps/gcc/5.2.0/bin/g++        CMakeFiles/cmTC_6e5a7.dir/feature_tests.cxx.o  -o cmTC_6e5a7 -rdynamic 
gmake[1]: Leaving directory `/home1/03980/shivaks/B2x2/build/CMakeFiles/CMakeTmp'


    Feature record: CXX_FEATURE:1cxx_aggregate_default_initializers
    Feature record: CXX_FEATURE:1cxx_alias_templates
    Feature record: CXX_FEATURE:1cxx_alignas
    Feature record: CXX_FEATURE:1cxx_alignof
    Feature record: CXX_FEATURE:1cxx_attributes
    Feature record: CXX_FEATURE:1cxx_attribute_deprecated
    Feature record: CXX_FEATURE:1cxx_auto_type
    Feature record: CXX_FEATURE:1cxx_binary_literals
    Feature record: CXX_FEATURE:1cxx_constexpr
    Feature record: CXX_FEATURE:1cxx_contextual_conversions
    Feature record: CXX_FEATURE:1cxx_decltype
    Feature record: CXX_FEATURE:1cxx_decltype_auto
    Feature record: CXX_FEATURE:1cxx_decltype_incomplete_return_types
    Feature record: CXX_FEATURE:1cxx_default_function_template_args
    Feature record: CXX_FEATURE:1cxx_defaulted_functions
    Feature record: CXX_FEATURE:1cxx_defaulted_move_initializers
    Feature record: CXX_FEATURE:1cxx_delegating_constructors
    Feature record: CXX_FEATURE:1cxx_deleted_functions
    Feature record: CXX_FEATURE:1cxx_digit_separators
    Feature record: CXX_FEATURE:1cxx_enum_forward_declarations
    Feature record: CXX_FEATURE:1cxx_explicit_conversions
    Feature record: CXX_FEATURE:1cxx_extended_friend_declarations
    Feature record: CXX_FEATURE:1cxx_extern_templates
    Feature record: CXX_FEATURE:1cxx_final
    Feature record: CXX_FEATURE:1cxx_func_identifier
    Feature record: CXX_FEATURE:1cxx_generalized_initializers
    Feature record: CXX_FEATURE:1cxx_generic_lambdas
    Feature record: CXX_FEATURE:1cxx_inheriting_constructors
    Feature record: CXX_FEATURE:1cxx_inline_namespaces
    Feature record: CXX_FEATURE:1cxx_lambdas
    Feature record: CXX_FEATURE:1cxx_lambda_init_captures
    Feature record: CXX_FEATURE:1cxx_local_type_template_args
    Feature record: CXX_FEATURE:1cxx_long_long_type
    Feature record: CXX_FEATURE:1cxx_noexcept
    Feature record: CXX_FEATURE:1cxx_nonstatic_member_init
    Feature record: CXX_FEATURE:1cxx_nullptr
    Feature record: CXX_FEATURE:1cxx_override
    Feature record: CXX_FEATURE:1cxx_range_for
    Feature record: CXX_FEATURE:1cxx_raw_string_literals
    Feature record: CXX_FEATURE:1cxx_reference_qualified_functions
    Feature record: CXX_FEATURE:1cxx_relaxed_constexpr
    Feature record: CXX_FEATURE:1cxx_return_type_deduction
    Feature record: CXX_FEATURE:1cxx_right_angle_brackets
    Feature record: CXX_FEATURE:1cxx_rvalue_references
    Feature record: CXX_FEATURE:1cxx_sizeof_member
    Feature record: CXX_FEATURE:1cxx_static_assert
    Feature record: CXX_FEATURE:1cxx_strong_enums
    Feature record: CXX_FEATURE:1cxx_template_template_parameters
    Feature record: CXX_FEATURE:1cxx_thread_local
    Feature record: CXX_FEATURE:1cxx_trailing_return_types
    Feature record: CXX_FEATURE:1cxx_unicode_literals
    Feature record: CXX_FEATURE:1cxx_uniform_initialization
    Feature record: CXX_FEATURE:1cxx_unrestricted_unions
    Feature record: CXX_FEATURE:1cxx_user_literals
    Feature record: CXX_FEATURE:1cxx_variable_templates
    Feature record: CXX_FEATURE:1cxx_variadic_macros
    Feature record: CXX_FEATURE:1cxx_variadic_templates


Detecting CXX [-std=c++11] compiler features compiled with the following output:
Change Dir: /home1/03980/shivaks/B2x2/build/CMakeFiles/CMakeTmp

Run Build Command:"/usr/bin/gmake" "cmTC_14f01/fast"
/usr/bin/gmake -f CMakeFiles/cmTC_14f01.dir/build.make CMakeFiles/cmTC_14f01.dir/build
gmake[1]: Entering directory `/home1/03980/shivaks/B2x2/build/CMakeFiles/CMakeTmp'
Building CXX object CMakeFiles/cmTC_14f01.dir/feature_tests.cxx.o
/opt/apps/gcc/5.2.0/bin/g++     -std=c++11 -o CMakeFiles/cmTC_14f01.dir/feature_tests.cxx.o -c /home1/03980/shivaks/B2x2/build/CMakeFiles/feature_tests.cxx
Linking CXX executable cmTC_14f01
/opt/apps/cmake/3.4.1/bin/cmake -E cmake_link_script CMakeFiles/cmTC_14f01.dir/link.txt --verbose=1
/opt/apps/gcc/5.2.0/bin/g++        CMakeFiles/cmTC_14f01.dir/feature_tests.cxx.o  -o cmTC_14f01 -rdynamic 
gmake[1]: Leaving directory `/home1/03980/shivaks/B2x2/build/CMakeFiles/CMakeTmp'


    Feature record: CXX_FEATURE:0cxx_aggregate_default_initializers
    Feature record: CXX_FEATURE:1cxx_alias_templates
    Feature record: CXX_FEATURE:1cxx_alignas
    Feature record: CXX_FEATURE:1cxx_alignof
    Feature record: CXX_FEATURE:1cxx_attributes
    Feature record: CXX_FEATURE:0cxx_attribute_deprecated
    Feature record: CXX_FEATURE:1cxx_auto_type
    Feature record: CXX_FEATURE:0cxx_binary_literals
    Feature record: CXX_FEATURE:1cxx_constexpr
    Feature record: CXX_FEATURE:0cxx_contextual_conversions
    Feature record: CXX_FEATURE:1cxx_decltype
    Feature record: CXX_FEATURE:0cxx_decltype_auto
    Feature record: CXX_FEATURE:1cxx_decltype_incomplete_return_types
    Feature record: CXX_FEATURE:1cxx_default_function_template_args
    Feature record: CXX_FEATURE:1cxx_defaulted_functions
    Feature record: CXX_FEATURE:1cxx_defaulted_move_initializers
    Feature record: CXX_FEATURE:1cxx_delegating_constructors
    Feature record: CXX_FEATURE:1cxx_deleted_functions
    Feature record: CXX_FEATURE:0cxx_digit_separators
    Feature record: CXX_FEATURE:1cxx_enum_forward_declarations
    Feature record: CXX_FEATURE:1cxx_explicit_conversions
    Feature record: CXX_FEATURE:1cxx_extended_friend_declarations
    Feature record: CXX_FEATURE:1cxx_extern_templates
    Feature record: CXX_FEATURE:1cxx_final
    Feature record: CXX_FEATURE:1cxx_func_identifier
    Feature record: CXX_FEATURE:1cxx_generalized_initializers
    Feature record: CXX_FEATURE:0cxx_generic_lambdas
    Feature record: CXX_FEATURE:1cxx_inheriting_constructors
    Feature record: CXX_FEATURE:1cxx_inline_namespaces
    Feature record: CXX_FEATURE:1cxx_lambdas
    Feature record: CXX_FEATURE:0cxx_lambda_init_captures
    Feature record: CXX_FEATURE:1cxx_local_type_template_args
    Feature record: CXX_FEATURE:1cxx_long_long_type
    Feature record: CXX_FEATURE:1cxx_noexcept
    Feature record: CXX_FEATURE:1cxx_nonstatic_member_init
    Feature record: CXX_FEATURE:1cxx_nullptr
    Feature record: CXX_FEATURE:1cxx_override
    Feature record: CXX_FEATURE:1cxx_range_for
    Feature record: CXX_FEATURE:1cxx_raw_string_literals
    Feature record: CXX_FEATURE:1cxx_reference_qualified_functions
    Feature record: CXX_FEATURE:0cxx_relaxed_constexpr
    Feature record: CXX_FEATURE:0cxx_return_type_deduction
    Feature record: CXX_FEATURE:1cxx_right_angle_brackets
    Feature record: CXX_FEATURE:1cxx_rvalue_references
    Feature record: CXX_FEATURE:1cxx_sizeof_member
    Feature record: CXX_FEATURE:1cxx_static_assert
    Feature record: CXX_FEATURE:1cxx_strong_enums
    Feature record: CXX_FEATURE:1cxx_template_template_parameters
    Feature record: CXX_FEATURE:1cxx_thread_local
    Feature record: CXX_FEATURE:1cxx_trailing_return_types
    Feature record: CXX_FEATURE:1cxx_unicode_literals
    Feature record: CXX_FEATURE:1cxx_uniform_initialization
    Feature record: CXX_FEATURE:1cxx_unrestricted_unions
    Feature record: CXX_FEATURE:1cxx_user_literals
    Feature record: CXX_FEATURE:0cxx_variable_templates
    Feature record: CXX_FEATURE:1cxx_variadic_macros
    Feature record: CXX_FEATURE:1cxx_variadic_templates


Detecting CXX [-std=c++98] compiler features compiled with the following output:
Change Dir: /home1/03980/shivaks/B2x2/build/CMakeFiles/CMakeTmp

Run Build Command:"/usr/bin/gmake" "cmTC_60514/fast"
/usr/bin/gmake -f CMakeFiles/cmTC_60514.dir/build.make CMakeFiles/cmTC_60514.dir/build
gmake[1]: Entering directory `/home1/03980/shivaks/B2x2/build/CMakeFiles/CMakeTmp'
Building CXX object CMakeFiles/cmTC_60514.dir/feature_tests.cxx.o
/opt/apps/gcc/5.2.0/bin/g++     -std=c++98 -o CMakeFiles/cmTC_60514.dir/feature_tests.cxx.o -c /home1/03980/shivaks/B2x2/build/CMakeFiles/feature_tests.cxx
Linking CXX executable cmTC_60514
/opt/apps/cmake/3.4.1/bin/cmake -E cmake_link_script CMakeFiles/cmTC_60514.dir/link.txt --verbose=1
/opt/apps/gcc/5.2.0/bin/g++        CMakeFiles/cmTC_60514.dir/feature_tests.cxx.o  -o cmTC_60514 -rdynamic 
gmake[1]: Leaving directory `/home1/03980/shivaks/B2x2/build/CMakeFiles/CMakeTmp'


    Feature record: CXX_FEATURE:0cxx_aggregate_default_initializers
    Feature record: CXX_FEATURE:0cxx_alias_templates
    Feature record: CXX_FEATURE:0cxx_alignas
    Feature record: CXX_FEATURE:0cxx_alignof
    Feature record: CXX_FEATURE:0cxx_attributes
    Feature record: CXX_FEATURE:0cxx_attribute_deprecated
    Feature record: CXX_FEATURE:0cxx_auto_type
    Feature record: CXX_FEATURE:0cxx_binary_literals
    Feature record: CXX_FEATURE:0cxx_constexpr
    Feature record: CXX_FEATURE:0cxx_contextual_conversions
    Feature record: CXX_FEATURE:0cxx_decltype
    Feature record: CXX_FEATURE:0cxx_decltype_auto
    Feature record: CXX_FEATURE:0cxx_decltype_incomplete_return_types
    Feature record: CXX_FEATURE:0cxx_default_function_template_args
    Feature record: CXX_FEATURE:0cxx_defaulted_functions
    Feature record: CXX_FEATURE:0cxx_defaulted_move_initializers
    Feature record: CXX_FEATURE:0cxx_delegating_constructors
    Feature record: CXX_FEATURE:0cxx_deleted_functions
    Feature record: CXX_FEATURE:0cxx_digit_separators
    Feature record: CXX_FEATURE:0cxx_enum_forward_declarations
    Feature record: CXX_FEATURE:0cxx_explicit_conversions
    Feature record: CXX_FEATURE:0cxx_extended_friend_declarations
    Feature record: CXX_FEATURE:0cxx_extern_templates
    Feature record: CXX_FEATURE:0cxx_final
    Feature record: CXX_FEATURE:0cxx_func_identifier
    Feature record: CXX_FEATURE:0cxx_generalized_initializers
    Feature record: CXX_FEATURE:0cxx_generic_lambdas
    Feature record: CXX_FEATURE:0cxx_inheriting_constructors
    Feature record: CXX_FEATURE:0cxx_inline_namespaces
    Feature record: CXX_FEATURE:0cxx_lambdas
    Feature record: CXX_FEATURE:0cxx_lambda_init_captures
    Feature record: CXX_FEATURE:0cxx_local_type_template_args
    Feature record: CXX_FEATURE:0cxx_long_long_type
    Feature record: CXX_FEATURE:0cxx_noexcept
    Feature record: CXX_FEATURE:0cxx_nonstatic_member_init
    Feature record: CXX_FEATURE:0cxx_nullptr
    Feature record: CXX_FEATURE:0cxx_override
    Feature record: CXX_FEATURE:0cxx_range_for
    Feature record: CXX_FEATURE:0cxx_raw_string_literals
    Feature record: CXX_FEATURE:0cxx_reference_qualified_functions
    Feature record: CXX_FEATURE:0cxx_relaxed_constexpr
    Feature record: CXX_FEATURE:0cxx_return_type_deduction
    Feature record: CXX_FEATURE:0cxx_right_angle_brackets
    Feature record: CXX_FEATURE:0cxx_rvalue_references
    Feature record: CXX_FEATURE:0cxx_sizeof_member
    Feature record: CXX_FEATURE:0cxx_static_assert
    Feature record: CXX_FEATURE:0cxx_strong_enums
    Feature record: CXX_FEATURE:1cxx_template_template_parameters
    Feature record: CXX_FEATURE:0cxx_thread_local
    Feature record: CXX_FEATURE:0cxx_trailing_return_types
    Feature record: CXX_FEATURE:0cxx_unicode_literals
    Feature record: CXX_FEATURE:0cxx_uniform_initialization
    Feature record: CXX_FEATURE:0cxx_unrestricted_unions
    Feature record: CXX_FEATURE:0cxx_user_literals
    Feature record: CXX_FEATURE:0cxx_variable_templates
    Feature record: CXX_FEATURE:0cxx_variadic_macros
    Feature record: CXX_FEATURE:0cxx_variadic_templates
